<?xml version="1.0" encoding="UTF-8"?>
<!-- Generated by org.testng.reporters.JUnitReportReporter -->
<testsuite hostname="DESKTOP-NFV7UOU" failures="0" tests="1" name="tests.ChangePasswordPageTest" time="0.000" errors="0" timestamp="2024-12-14T14:33:35 IST" skipped="1">
  <testcase classname="tests.ChangePasswordPageTest" name="changeUserPassword" time="0.000">
    <skipped/>
  </testcase> <!-- changeUserPassword -->
</testsuite> <!-- tests.ChangePasswordPageTest -->
