<?xml version="1.0" encoding="UTF-8"?>
<!-- Generated by org.testng.reporters.JUnitReportReporter -->
<testsuite hostname="DESKTOP-NFV7UOU" failures="0" tests="2" name="tests.Demo" time="6.314" errors="0" timestamp="2024-12-12T23:57:14 IST" skipped="0">
  <testcase classname="tests.Demo" name="logoutFromApplication" time="0.821"/>
  <testcase classname="tests.Demo" name="loginIntoApplication" time="5.493"/>
</testsuite> <!-- tests.Demo -->
