<?xml version="1.0" encoding="UTF-8"?>
<!-- Generated by org.testng.reporters.JUnitReportReporter -->
<testsuite hostname="DESKTOP-NFV7UOU" failures="0" tests="1" name="DebugCode.BrowserCapabilities" time="2.236" errors="0" timestamp="2024-12-13T22:44:48 IST" skipped="0">
  <testcase classname="DebugCode.BrowserCapabilities" name="getChromeBrowserCapabilities" time="2.236"/>
</testsuite> <!-- DebugCode.BrowserCapabilities -->
