<?xml version="1.0" encoding="UTF-8"?>
<!-- Generated by org.testng.reporters.JUnitReportReporter -->
<testsuite hostname="DESKTOP-NFV7UOU" failures="0" tests="1" name="DebugCode.RunScriptinOpenedChrome" time="36.300" errors="0" timestamp="2024-12-13T22:39:55 IST" skipped="0">
  <testcase classname="DebugCode.RunScriptinOpenedChrome" name="DebugCode" time="36.300"/>
</testsuite> <!-- DebugCode.RunScriptinOpenedChrome -->
